<?xml version="1.0" encoding="UTF-8"?>
<Site BuildName="Darwin-clang++"
	BuildStamp="20210420-1240-Experimental"
	Name="Dameons-Air.lan"
	Generator="ctest-3.20.0"
	CompilerName="/usr/bin/clang++"
	CompilerVersion="12.0.0.12000032"
	OSName="macOS"
	Hostname="Dameons-MacBook-Air.local"
	OSRelease="11.2.3"
	OSVersion="20D91"
	OSPlatform="x86_64"
	Is64Bits="1"
	VendorString="GenuineIntel"
	VendorID="Intel Corporation"
	FamilyID="6"
	ModelID="126"
	ProcessorCacheSize="32768"
	NumberOfLogicalCPU="4"
	NumberOfPhysicalCPU="2"
	TotalVirtualMemory="0"
	TotalPhysicalMemory="8192"
	LogicalProcessorsPerPhysical="8"
	ProcessorClockFrequency="1100"
	>
	<Testing>
		<StartDateTime>Apr 20 08:40 EDT</StartDateTime>
		<StartTestTime>1618922430</StartTestTime>
		<TestList/>
		<EndDateTime>Apr 20 08:40 EDT</EndDateTime>
		<EndTestTime>1618922430</EndTestTime>
		<ElapsedMinutes>0</ElapsedMinutes>
	</Testing>
</Site>
